{
  "C:\\Users\\thibl\\dev\\SpotiFine\\front\\spotifine\\src\\zone-flags.ts": {
    "path": "C:\\Users\\thibl\\dev\\SpotiFine\\front\\spotifine\\src\\zone-flags.ts",
    "statementMap": {
      "0": {
        "start": {
          "line": 5,
          "column": 0
        },
        "end": {
          "line": 5,
          "column": 44
        }
      }
    },
    "fnMap": {},
    "branchMap": {},
    "s": {
      "0": 3
    },
    "f": {},
    "b": {},
    "inputSourceMap": {
      "version": 3,
      "file": "zone-flags.js",
      "sourceRoot": "",
      "sources": [
        "C:\\Users\\thibl\\dev\\SpotiFine\\front\\spotifine\\src\\zone-flags.ts"
      ],
      "names": [],
      "mappings": "AAAA;;;GAGG;AACF,MAAc,CAAC,6BAA6B,GAAG,IAAI,CAAC",
      "sourcesContent": [
        "/**\r\n * Prevents Angular change detection from\r\n * running with certain Web Component callbacks\r\n */\r\n(window as any).__Zone_disable_customElements = true;\r\n"
      ]
    },
    "_coverageSchema": "332fd63041d2c1bcb487cc26dd0d5f7d97098a6c",
    "hash": "87db04713eeae879158e471101a629313f2d2946"
  },
  "C:\\Users\\thibl\\dev\\SpotiFine\\front\\spotifine\\src\\polyfills.ts": {
    "path": "C:\\Users\\thibl\\dev\\SpotiFine\\front\\spotifine\\src\\polyfills.ts",
    "statementMap": {},
    "fnMap": {},
    "branchMap": {},
    "s": {},
    "f": {},
    "b": {},
    "inputSourceMap": {
      "version": 3,
      "file": "polyfills.js",
      "sourceRoot": "",
      "sources": [
        "C:\\Users\\thibl\\dev\\SpotiFine\\front\\spotifine\\src\\polyfills.ts"
      ],
      "names": [],
      "mappings": "AAAA;;;;;;;;;;;;;;GAcG;AAEH;;GAEG;AAEH,+EAA+E;AAC/E,oEAAoE;AAEpE;;;;GAIG;AACH,8EAA8E;AAE9E;;;;;;;;;;;;;;;;;;;;;;GAsBG;AAEH,OAAO,cAAc,CAAC;AAEtB;;GAEG;AAEH,OAAO,mBAAmB,CAAC,CAAE,6BAA6B;AAG1D;;GAEG",
      "sourcesContent": [
        "/**\r\n * This file includes polyfills needed by Angular and is loaded before the app.\r\n * You can add your own extra polyfills to this file.\r\n *\r\n * This file is divided into 2 sections:\r\n *   1. Browser polyfills. These are applied before loading ZoneJS and are sorted by browsers.\r\n *   2. Application imports. Files imported after ZoneJS that should be loaded before your main\r\n *      file.\r\n *\r\n * The current setup is for so-called \"evergreen\" browsers; the last versions of browsers that\r\n * automatically update themselves. This includes Safari >= 10, Chrome >= 55 (including Opera),\r\n * Edge >= 13 on the desktop, and iOS 10 and Chrome on mobile.\r\n *\r\n * Learn more in https://angular.io/guide/browser-support\r\n */\r\n\r\n/***************************************************************************************************\r\n * BROWSER POLYFILLS\r\n */\r\n\r\n/** IE10 and IE11 requires the following for NgClass support on SVG elements */\r\n// import 'classlist.js';  // Run `npm install --save classlist.js`.\r\n\r\n/**\r\n * Web Animations `@angular/platform-browser/animations`\r\n * Only required if AnimationBuilder is used within the application and using IE/Edge or Safari.\r\n * Standard animation support in Angular DOES NOT require any polyfills (as of Angular 6.0).\r\n */\r\n// import 'web-animations-js';  // Run `npm install --save web-animations-js`.\r\n\r\n/**\r\n * By default, zone.js will patch all possible macroTask and DomEvents\r\n * user can disable parts of macroTask/DomEvents patch by setting following flags\r\n * because those flags need to be set before `zone.js` being loaded, and webpack\r\n * will put import in the top of bundle, so user need to create a separate file\r\n * in this directory (for example: zone-flags.ts), and put the following flags\r\n * into that file, and then add the following code before importing zone.js.\r\n * import './zone-flags.ts';\r\n *\r\n * The flags allowed in zone-flags.ts are listed here.\r\n *\r\n * The following flags will work for all browsers.\r\n *\r\n * (window as any).__Zone_disable_requestAnimationFrame = true; // disable patch requestAnimationFrame\r\n * (window as any).__Zone_disable_on_property = true; // disable patch onProperty such as onclick\r\n * (window as any).__zone_symbol__BLACK_LISTED_EVENTS = ['scroll', 'mousemove']; // disable patch specified eventNames\r\n *\r\n *  in IE/Edge developer tools, the addEventListener will also be wrapped by zone.js\r\n *  with the following flag, it will bypass `zone.js` patch for IE/Edge\r\n *\r\n *  (window as any).__Zone_enable_cross_context_check = true;\r\n *\r\n */\r\n\r\nimport './zone-flags';\r\n\r\n/***************************************************************************************************\r\n * Zone JS is required by default for Angular itself.\r\n */\r\n\r\nimport 'zone.js/dist/zone';  // Included with Angular CLI.\r\n\r\n\r\n/***************************************************************************************************\r\n * APPLICATION IMPORTS\r\n */\r\n"
      ]
    },
    "_coverageSchema": "332fd63041d2c1bcb487cc26dd0d5f7d97098a6c",
    "hash": "fc108199d5e8a7b70845e948919c78f48d3c49a0"
  },
  "C:\\Users\\thibl\\dev\\SpotiFine\\front\\spotifine\\src\\environments\\environment.ts": {
    "path": "C:\\Users\\thibl\\dev\\SpotiFine\\front\\spotifine\\src\\environments\\environment.ts",
    "statementMap": {
      "0": {
        "start": {
          "line": 1,
          "column": 27
        },
        "end": {
          "line": 11,
          "column": 23
        }
      }
    },
    "fnMap": {},
    "branchMap": {},
    "s": {
      "0": 3
    },
    "f": {},
    "b": {},
    "inputSourceMap": {
      "version": 3,
      "file": "environment.js",
      "sourceRoot": "",
      "sources": [
        "C:\\Users\\thibl\\dev\\SpotiFine\\front\\spotifine\\src\\environments\\environment.ts"
      ],
      "names": [],
      "mappings": "AAAA,MAAM,CAAC,MAAM,WAAW,GAAG,EAAC,mBAAmB,EAAE,WAAW;IAC5D,oBAAoB,EAAE,yCAAyC;IAC/D,eAAe,EAAE,KAAK;IACrB,iBAAiB,EAAE,kCAAkC;IACtD,qBAAqB,EAAE,kCAAkC;IACzD,eAAe,EAAE,oBAAoB;IACrC,mBAAmB,EAAE,sBAAsB;IAC3C,gBAAgB,EAAE,MAAM;IACxB,oBAAoB,EAAE,WAAW;IACjC,oBAAoB,EAAE,iCAAiC;IACvD,UAAU,EAAE,KAAK,EAAC,CAAC",
      "sourcesContent": [
        "export const environment = {SF_BACKEND_ADDR_DEV: 'localhost',\rSF_BACKEND_ADDR_PROD: 'ec2-52-90-211-0.compute-1.amazonaws.com',\rSF_BACKEND_PORT: 12345\r,SPOTIFY_CLIENT_ID: '08dfe32c18c848149077bee62e4c0240',\rSPOTIFY_CLIENT_SECRET: 'ba8e5ade65fd4f58b255e296ea3f45d1',\rSPOTIFY_API_URI: 'api.spotify.com/v1',\rSPOTIFY_ACCOUNT_URI: 'accounts.spotify.com',\rSF_FRONTEND_PORT: '8100',\rSF_FRONTEND_ADDR_DEV: 'localhost',\rSPOTIFY_REDIRECT_URI: 'https://localhost:8100/callback',\rproduction: false};"
      ]
    },
    "_coverageSchema": "332fd63041d2c1bcb487cc26dd0d5f7d97098a6c",
    "hash": "6b82537b1dee86f9963ac080c59b5ebeb56a92aa"
  },
  "C:\\Users\\thibl\\dev\\SpotiFine\\front\\spotifine\\src\\app\\app.component.ts": {
    "path": "C:\\Users\\thibl\\dev\\SpotiFine\\front\\spotifine\\src\\app\\app.component.ts",
    "statementMap": {
      "0": {
        "start": {
          "line": 11,
          "column": 8
        },
        "end": {
          "line": 11,
          "column": 33
        }
      },
      "1": {
        "start": {
          "line": 12,
          "column": 8
        },
        "end": {
          "line": 12,
          "column": 41
        }
      },
      "2": {
        "start": {
          "line": 13,
          "column": 8
        },
        "end": {
          "line": 13,
          "column": 35
        }
      },
      "3": {
        "start": {
          "line": 14,
          "column": 8
        },
        "end": {
          "line": 14,
          "column": 29
        }
      },
      "4": {
        "start": {
          "line": 17,
          "column": 8
        },
        "end": {
          "line": 22,
          "column": 11
        }
      },
      "5": {
        "start": {
          "line": 18,
          "column": 12
        },
        "end": {
          "line": 21,
          "column": 13
        }
      },
      "6": {
        "start": {
          "line": 19,
          "column": 16
        },
        "end": {
          "line": 19,
          "column": 46
        }
      },
      "7": {
        "start": {
          "line": 20,
          "column": 16
        },
        "end": {
          "line": 20,
          "column": 41
        }
      },
      "8": {
        "start": {
          "line": 25,
          "column": 0
        },
        "end": {
          "line": 25,
          "column": 199
        }
      },
      "9": {
        "start": {
          "line": 25,
          "column": 55
        },
        "end": {
          "line": 25,
          "column": 196
        }
      },
      "10": {
        "start": {
          "line": 26,
          "column": 0
        },
        "end": {
          "line": 30,
          "column": 241
        }
      },
      "11": {
        "start": {
          "line": 26,
          "column": 161
        },
        "end": {
          "line": 30,
          "column": 5
        }
      },
      "12": {
        "start": {
          "line": 27,
          "column": 8
        },
        "end": {
          "line": 27,
          "column": 40
        }
      },
      "13": {
        "start": {
          "line": 28,
          "column": 8
        },
        "end": {
          "line": 28,
          "column": 45
        }
      },
      "14": {
        "start": {
          "line": 29,
          "column": 8
        },
        "end": {
          "line": 29,
          "column": 26
        }
      },
      "15": {
        "start": {
          "line": 31,
          "column": 14
        },
        "end": {
          "line": 38,
          "column": 120
        }
      },
      "16": {
        "start": {
          "line": 31,
          "column": 29
        },
        "end": {
          "line": 38,
          "column": 114
        }
      },
      "17": {
        "start": {
          "line": 38,
          "column": 22
        },
        "end": {
          "line": 38,
          "column": 104
        }
      }
    },
    "fnMap": {
      "0": {
        "name": "(anonymous_0)",
        "decl": {
          "start": {
            "line": 10,
            "column": 4
          },
          "end": {
            "line": 10,
            "column": 5
          }
        },
        "loc": {
          "start": {
            "line": 10,
            "column": 51
          },
          "end": {
            "line": 15,
            "column": 5
          }
        },
        "line": 10
      },
      "1": {
        "name": "(anonymous_1)",
        "decl": {
          "start": {
            "line": 16,
            "column": 4
          },
          "end": {
            "line": 16,
            "column": 5
          }
        },
        "loc": {
          "start": {
            "line": 16,
            "column": 20
          },
          "end": {
            "line": 23,
            "column": 5
          }
        },
        "line": 16
      },
      "2": {
        "name": "(anonymous_2)",
        "decl": {
          "start": {
            "line": 17,
            "column": 35
          },
          "end": {
            "line": 17,
            "column": 36
          }
        },
        "loc": {
          "start": {
            "line": 17,
            "column": 41
          },
          "end": {
            "line": 22,
            "column": 9
          }
        },
        "line": 17
      },
      "3": {
        "name": "AppComponent_Factory",
        "decl": {
          "start": {
            "line": 25,
            "column": 29
          },
          "end": {
            "line": 25,
            "column": 49
          }
        },
        "loc": {
          "start": {
            "line": 25,
            "column": 53
          },
          "end": {
            "line": 25,
            "column": 198
          }
        },
        "line": 25
      },
      "4": {
        "name": "AppComponent_Template",
        "decl": {
          "start": {
            "line": 26,
            "column": 128
          },
          "end": {
            "line": 26,
            "column": 149
          }
        },
        "loc": {
          "start": {
            "line": 26,
            "column": 159
          },
          "end": {
            "line": 30,
            "column": 7
          }
        },
        "line": 26
      },
      "5": {
        "name": "(anonymous_5)",
        "decl": {
          "start": {
            "line": 31,
            "column": 15
          },
          "end": {
            "line": 31,
            "column": 16
          }
        },
        "loc": {
          "start": {
            "line": 31,
            "column": 27
          },
          "end": {
            "line": 38,
            "column": 116
          }
        },
        "line": 31
      },
      "6": {
        "name": "(anonymous_6)",
        "decl": {
          "start": {
            "line": 38,
            "column": 8
          },
          "end": {
            "line": 38,
            "column": 9
          }
        },
        "loc": {
          "start": {
            "line": 38,
            "column": 20
          },
          "end": {
            "line": 38,
            "column": 106
          }
        },
        "line": 38
      }
    },
    "branchMap": {
      "0": {
        "loc": {
          "start": {
            "line": 18,
            "column": 12
          },
          "end": {
            "line": 21,
            "column": 13
          }
        },
        "type": "if",
        "locations": [
          {
            "start": {
              "line": 18,
              "column": 12
            },
            "end": {
              "line": 21,
              "column": 13
            }
          },
          {
            "start": {
              "line": 18,
              "column": 12
            },
            "end": {
              "line": 21,
              "column": 13
            }
          }
        ],
        "line": 18
      },
      "1": {
        "loc": {
          "start": {
            "line": 25,
            "column": 67
          },
          "end": {
            "line": 25,
            "column": 84
          }
        },
        "type": "binary-expr",
        "locations": [
          {
            "start": {
              "line": 25,
              "column": 67
            },
            "end": {
              "line": 25,
              "column": 68
            }
          },
          {
            "start": {
              "line": 25,
              "column": 72
            },
            "end": {
              "line": 25,
              "column": 84
            }
          }
        ],
        "line": 25
      },
      "2": {
        "loc": {
          "start": {
            "line": 26,
            "column": 161
          },
          "end": {
            "line": 30,
            "column": 5
          }
        },
        "type": "if",
        "locations": [
          {
            "start": {
              "line": 26,
              "column": 161
            },
            "end": {
              "line": 30,
              "column": 5
            }
          },
          {
            "start": {
              "line": 26,
              "column": 161
            },
            "end": {
              "line": 30,
              "column": 5
            }
          }
        ],
        "line": 26
      }
    },
    "s": {
      "0": 3,
      "1": 3,
      "2": 3,
      "3": 3,
      "4": 3,
      "5": 3,
      "6": 0,
      "7": 0,
      "8": 3,
      "9": 3,
      "10": 3,
      "11": 159,
      "12": 3,
      "13": 3,
      "14": 3,
      "15": 3,
      "16": 3,
      "17": 0
    },
    "f": {
      "0": 3,
      "1": 3,
      "2": 3,
      "3": 3,
      "4": 159,
      "5": 3,
      "6": 0
    },
    "b": {
      "0": [
        0,
        3
      ],
      "1": [
        3,
        3
      ],
      "2": [
        3,
        156
      ]
    },
    "inputSourceMap": {
      "version": 3,
      "file": "app.component.js",
      "sourceRoot": "",
      "sources": [
        "C:\\Users\\thibl\\dev\\SpotiFine\\front\\spotifine\\src\\app\\app.component.ts",
        "C:\\Users\\thibl\\dev\\SpotiFine\\front\\spotifine\\src\\app\\app.component.html"
      ],
      "names": [],
      "mappings": "AAAA,OAAO,EAAE,SAAS,EAAE,MAAM,eAAe,CAAC;AAC1C,OAAO,EAAE,QAAQ,EAAE,MAAM,gBAAgB,CAAC;AAC1C,OAAO,EAAE,YAAY,EAAE,MAAM,iCAAiC,CAAC;AAC/D,OAAO,EAAE,SAAS,EAAE,MAAM,8BAA8B,CAAC;;;;;AAOzD,MAAM,OAAO,YAAY;IACvB,YACU,QAAkB,EAClB,YAA0B,EAC1B,SAAoB;QAFpB,aAAQ,GAAR,QAAQ,CAAU;QAClB,iBAAY,GAAZ,YAAY,CAAc;QAC1B,cAAS,GAAT,SAAS,CAAW;QAE5B,IAAI,CAAC,aAAa,EAAE,CAAC;IACvB,CAAC;IAED,aAAa;QACX,IAAI,CAAC,QAAQ,CAAC,KAAK,EAAE,CAAC,IAAI,CAAC,GAAG,EAAE;YAC9B,IAAI,IAAI,CAAC,QAAQ,CAAC,EAAE,CAAC,SAAS,CAAC,EAAC;gBAC9B,IAAI,CAAC,SAAS,CAAC,YAAY,EAAE,CAAC;gBAC9B,IAAI,CAAC,YAAY,CAAC,IAAI,EAAE,CAAC;aAC1B;QACH,CAAC,CAAC,CAAC;IACL,CAAC;;wEAhBU,YAAY;iDAAZ,YAAY;QCVzB,+BACE;QAAA,oCAAuC;QACzC,iBAAU;;kDDQG,YAAY;cALxB,SAAS;eAAC;gBACT,QAAQ,EAAE,UAAU;gBACpB,WAAW,EAAE,oBAAoB;gBACjC,SAAS,EAAE,CAAC,oBAAoB,CAAC;aAClC",
      "sourcesContent": [
        "import { Component } from '@angular/core';\r\nimport { Platform } from '@ionic/angular';\r\nimport { SplashScreen } from '@ionic-native/splash-screen/ngx';\r\nimport { StatusBar } from '@ionic-native/status-bar/ngx';\r\n\r\n@Component({\r\n  selector: 'app-root',\r\n  templateUrl: 'app.component.html',\r\n  styleUrls: ['app.component.scss']\r\n})\r\nexport class AppComponent {\r\n  constructor(\r\n    private platform: Platform,\r\n    private splashScreen: SplashScreen,\r\n    private statusBar: StatusBar\r\n  ) {\r\n    this.initializeApp();\r\n  }\r\n\r\n  initializeApp() {\r\n    this.platform.ready().then(() => {\r\n      if (this.platform.is('cordova')){\r\n        this.statusBar.styleDefault();\r\n        this.splashScreen.hide();\r\n      }\r\n    });\r\n  }\r\n}\r\n",
        "<ion-app>\r\n  <ion-router-outlet></ion-router-outlet>\r\n</ion-app>\r\n"
      ]
    },
    "_coverageSchema": "332fd63041d2c1bcb487cc26dd0d5f7d97098a6c",
    "hash": "fec232b143c9609a48e4ef048e500451066adbcd"
  },
  "C:\\Users\\thibl\\dev\\SpotiFine\\front\\spotifine\\src\\app\\app-routing.module.ts": {
    "path": "C:\\Users\\thibl\\dev\\SpotiFine\\front\\spotifine\\src\\app\\app-routing.module.ts",
    "statementMap": {
      "0": {
        "start": {
          "line": 5,
          "column": 15
        },
        "end": {
          "line": 20,
          "column": 1
        }
      },
      "1": {
        "start": {
          "line": 7,
          "column": 40
        },
        "end": {
          "line": 7,
          "column": 102
        }
      },
      "2": {
        "start": {
          "line": 7,
          "column": 85
        },
        "end": {
          "line": 7,
          "column": 101
        }
      },
      "3": {
        "start": {
          "line": 10,
          "column": 28
        },
        "end": {
          "line": 10,
          "column": 99
        }
      },
      "4": {
        "start": {
          "line": 10,
          "column": 79
        },
        "end": {
          "line": 10,
          "column": 98
        }
      },
      "5": {
        "start": {
          "line": 14,
          "column": 28
        },
        "end": {
          "line": 14,
          "column": 99
        }
      },
      "6": {
        "start": {
          "line": 14,
          "column": 79
        },
        "end": {
          "line": 14,
          "column": 98
        }
      },
      "7": {
        "start": {
          "line": 18,
          "column": 28
        },
        "end": {
          "line": 18,
          "column": 102
        }
      },
      "8": {
        "start": {
          "line": 18,
          "column": 81
        },
        "end": {
          "line": 18,
          "column": 101
        }
      },
      "9": {
        "start": {
          "line": 23,
          "column": 0
        },
        "end": {
          "line": 23,
          "column": 72
        }
      },
      "10": {
        "start": {
          "line": 24,
          "column": 0
        },
        "end": {
          "line": 27,
          "column": 25
        }
      },
      "11": {
        "start": {
          "line": 24,
          "column": 94
        },
        "end": {
          "line": 24,
          "column": 131
        }
      },
      "12": {
        "start": {
          "line": 28,
          "column": 0
        },
        "end": {
          "line": 28,
          "column": 169
        }
      },
      "13": {
        "start": {
          "line": 28,
          "column": 15
        },
        "end": {
          "line": 28,
          "column": 163
        }
      },
      "14": {
        "start": {
          "line": 29,
          "column": 14
        },
        "end": {
          "line": 37,
          "column": 26
        }
      },
      "15": {
        "start": {
          "line": 29,
          "column": 29
        },
        "end": {
          "line": 37,
          "column": 20
        }
      }
    },
    "fnMap": {
      "0": {
        "name": "(anonymous_0)",
        "decl": {
          "start": {
            "line": 7,
            "column": 34
          },
          "end": {
            "line": 7,
            "column": 35
          }
        },
        "loc": {
          "start": {
            "line": 7,
            "column": 40
          },
          "end": {
            "line": 7,
            "column": 102
          }
        },
        "line": 7
      },
      "1": {
        "name": "(anonymous_1)",
        "decl": {
          "start": {
            "line": 7,
            "column": 80
          },
          "end": {
            "line": 7,
            "column": 81
          }
        },
        "loc": {
          "start": {
            "line": 7,
            "column": 85
          },
          "end": {
            "line": 7,
            "column": 101
          }
        },
        "line": 7
      },
      "2": {
        "name": "(anonymous_2)",
        "decl": {
          "start": {
            "line": 10,
            "column": 22
          },
          "end": {
            "line": 10,
            "column": 23
          }
        },
        "loc": {
          "start": {
            "line": 10,
            "column": 28
          },
          "end": {
            "line": 10,
            "column": 99
          }
        },
        "line": 10
      },
      "3": {
        "name": "(anonymous_3)",
        "decl": {
          "start": {
            "line": 10,
            "column": 74
          },
          "end": {
            "line": 10,
            "column": 75
          }
        },
        "loc": {
          "start": {
            "line": 10,
            "column": 79
          },
          "end": {
            "line": 10,
            "column": 98
          }
        },
        "line": 10
      },
      "4": {
        "name": "(anonymous_4)",
        "decl": {
          "start": {
            "line": 14,
            "column": 22
          },
          "end": {
            "line": 14,
            "column": 23
          }
        },
        "loc": {
          "start": {
            "line": 14,
            "column": 28
          },
          "end": {
            "line": 14,
            "column": 99
          }
        },
        "line": 14
      },
      "5": {
        "name": "(anonymous_5)",
        "decl": {
          "start": {
            "line": 14,
            "column": 74
          },
          "end": {
            "line": 14,
            "column": 75
          }
        },
        "loc": {
          "start": {
            "line": 14,
            "column": 79
          },
          "end": {
            "line": 14,
            "column": 98
          }
        },
        "line": 14
      },
      "6": {
        "name": "(anonymous_6)",
        "decl": {
          "start": {
            "line": 18,
            "column": 22
          },
          "end": {
            "line": 18,
            "column": 23
          }
        },
        "loc": {
          "start": {
            "line": 18,
            "column": 28
          },
          "end": {
            "line": 18,
            "column": 102
          }
        },
        "line": 18
      },
      "7": {
        "name": "(anonymous_7)",
        "decl": {
          "start": {
            "line": 18,
            "column": 76
          },
          "end": {
            "line": 18,
            "column": 77
          }
        },
        "loc": {
          "start": {
            "line": 18,
            "column": 81
          },
          "end": {
            "line": 18,
            "column": 101
          }
        },
        "line": 18
      },
      "8": {
        "name": "AppRoutingModule_Factory",
        "decl": {
          "start": {
            "line": 24,
            "column": 64
          },
          "end": {
            "line": 24,
            "column": 88
          }
        },
        "loc": {
          "start": {
            "line": 24,
            "column": 92
          },
          "end": {
            "line": 24,
            "column": 133
          }
        },
        "line": 24
      },
      "9": {
        "name": "(anonymous_9)",
        "decl": {
          "start": {
            "line": 28,
            "column": 1
          },
          "end": {
            "line": 28,
            "column": 2
          }
        },
        "loc": {
          "start": {
            "line": 28,
            "column": 13
          },
          "end": {
            "line": 28,
            "column": 165
          }
        },
        "line": 28
      },
      "10": {
        "name": "(anonymous_10)",
        "decl": {
          "start": {
            "line": 29,
            "column": 15
          },
          "end": {
            "line": 29,
            "column": 16
          }
        },
        "loc": {
          "start": {
            "line": 29,
            "column": 27
          },
          "end": {
            "line": 37,
            "column": 22
          }
        },
        "line": 29
      }
    },
    "branchMap": {
      "0": {
        "loc": {
          "start": {
            "line": 24,
            "column": 106
          },
          "end": {
            "line": 24,
            "column": 127
          }
        },
        "type": "binary-expr",
        "locations": [
          {
            "start": {
              "line": 24,
              "column": 106
            },
            "end": {
              "line": 24,
              "column": 107
            }
          },
          {
            "start": {
              "line": 24,
              "column": 111
            },
            "end": {
              "line": 24,
              "column": 127
            }
          }
        ],
        "line": 24
      },
      "1": {
        "loc": {
          "start": {
            "line": 28,
            "column": 15
          },
          "end": {
            "line": 28,
            "column": 162
          }
        },
        "type": "binary-expr",
        "locations": [
          {
            "start": {
              "line": 28,
              "column": 16
            },
            "end": {
              "line": 28,
              "column": 48
            }
          },
          {
            "start": {
              "line": 28,
              "column": 52
            },
            "end": {
              "line": 28,
              "column": 61
            }
          },
          {
            "start": {
              "line": 28,
              "column": 66
            },
            "end": {
              "line": 28,
              "column": 162
            }
          }
        ],
        "line": 28
      }
    },
    "s": {
      "0": 3,
      "1": 3,
      "2": 3,
      "3": 3,
      "4": 3,
      "5": 3,
      "6": 3,
      "7": 3,
      "8": 3,
      "9": 3,
      "10": 3,
      "11": 3,
      "12": 3,
      "13": 3,
      "14": 3,
      "15": 3
    },
    "f": {
      "0": 3,
      "1": 3,
      "2": 3,
      "3": 3,
      "4": 3,
      "5": 3,
      "6": 3,
      "7": 3,
      "8": 3,
      "9": 3,
      "10": 3
    },
    "b": {
      "0": [
        3,
        3
      ],
      "1": [
        3,
        0,
        3
      ]
    },
    "inputSourceMap": {
      "version": 3,
      "file": "app-routing.module.js",
      "sourceRoot": "",
      "sources": [
        "C:\\Users\\thibl\\dev\\SpotiFine\\front\\spotifine\\src\\app\\app-routing.module.ts"
      ],
      "names": [],
      "mappings": "AAAA,OAAO,EAAE,QAAQ,EAAE,MAAM,eAAe,CAAC;AACzC,OAAO,EAAE,iBAAiB,EAAE,YAAY,EAAU,MAAM,iBAAiB,CAAC;;;AAE1E,MAAM,MAAM,GAAW;IACrB,EAAE,IAAI,EAAE,EAAE,EAAE,UAAU,EAAE,SAAS,EAAE,SAAS,EAAE,MAAM,EAAE;IACtD,EAAE,IAAI,EAAE,MAAM,EAAE,YAAY,EAAE,GAAG,EAAE,CAAC,MAAM,CAAC,0BAA0B,CAAC,CAAC,IAAI,CAAC,CAAC,CAAC,EAAE,CAAC,CAAC,CAAC,cAAc,CAAC,EAAC;IACnG;QACE,IAAI,EAAE,SAAS;QACf,YAAY,EAAE,GAAG,EAAE,CAAC,MAAM,CAAC,gCAAgC,CAAC,CAAC,IAAI,CAAC,CAAC,CAAC,EAAE,CAAC,CAAC,CAAC,iBAAiB,CAAC;KAC5F;IACD;QACE,IAAI,EAAE,SAAS;QACf,YAAY,EAAE,GAAG,EAAE,CAAC,MAAM,CAAC,gCAAgC,CAAC,CAAC,IAAI,CAAC,CAAC,CAAC,EAAE,CAAC,CAAC,CAAC,iBAAiB,CAAC;KAC5F;IACD;QACE,IAAI,EAAE,UAAU;QAChB,YAAY,EAAE,GAAG,EAAE,CAAC,MAAM,CAAC,kCAAkC,CAAC,CAAC,IAAI,CAAE,CAAC,CAAC,EAAE,CAAC,CAAC,CAAC,kBAAkB,CAAC;KAChG;CAIF,CAAC;AAQF,MAAM,OAAO,gBAAgB;;oDAAhB,gBAAgB;+GAAhB,gBAAgB,kBALlB;YACP,YAAY,CAAC,OAAO,CAAC,MAAM,EAAE,EAAE,kBAAkB,EAAE,iBAAiB,EAAE,CAAC;SACxE;QACS,YAAY;wFAEX,gBAAgB,0CAFjB,YAAY;kDAEX,gBAAgB;cAN5B,QAAQ;eAAC;gBACR,OAAO,EAAE;oBACP,YAAY,CAAC,OAAO,CAAC,MAAM,EAAE,EAAE,kBAAkB,EAAE,iBAAiB,EAAE,CAAC;iBACxE;gBACD,OAAO,EAAE,CAAC,YAAY,CAAC;aACxB",
      "sourcesContent": [
        "import { NgModule } from '@angular/core';\r\nimport { PreloadAllModules, RouterModule, Routes } from '@angular/router';\r\n\r\nconst routes: Routes = [\r\n  { path: '', redirectTo: 'welcome', pathMatch: 'full' },\r\n  { path: 'home', loadChildren: () => import('./pages/home/home.module').then(m => m.HomePageModule)},\r\n  {\r\n    path: 'welcome',\r\n    loadChildren: () => import('./pages/welcome/welcome.module').then(m => m.WelcomePageModule)\r\n  },\r\n  {\r\n    path: 'profile',\r\n    loadChildren: () => import('./pages/profile/profile.module').then(m => m.ProfilePageModule)\r\n  },\r  {\n    path: 'callback',\n    loadChildren: () => import('./pages/callback/callback.module').then( m => m.CallbackPageModule)\n  },\n\n\r\n\r\n];\r\n\r\n@NgModule({\r\n  imports: [\r\n    RouterModule.forRoot(routes, { preloadingStrategy: PreloadAllModules })\r\n  ],\r\n  exports: [RouterModule]\r\n})\r\nexport class AppRoutingModule { }\r\n"
      ]
    },
    "_coverageSchema": "332fd63041d2c1bcb487cc26dd0d5f7d97098a6c",
    "hash": "8fe17d7d1cd12f2bd2839e355768731e128fcc1a"
  },
  "C:\\Users\\thibl\\dev\\SpotiFine\\front\\spotifine\\src\\services\\session.service.ts": {
    "path": "C:\\Users\\thibl\\dev\\SpotiFine\\front\\spotifine\\src\\services\\session.service.ts",
    "statementMap": {
      "0": {
        "start": {
          "line": 8,
          "column": 8
        },
        "end": {
          "line": 8,
          "column": 29
        }
      },
      "1": {
        "start": {
          "line": 11,
          "column": 8
        },
        "end": {
          "line": 11,
          "column": 59
        }
      },
      "2": {
        "start": {
          "line": 12,
          "column": 8
        },
        "end": {
          "line": 12,
          "column": 61
        }
      },
      "3": {
        "start": {
          "line": 15,
          "column": 8
        },
        "end": {
          "line": 19,
          "column": 11
        }
      },
      "4": {
        "start": {
          "line": 16,
          "column": 12
        },
        "end": {
          "line": 16,
          "column": 52
        }
      },
      "5": {
        "start": {
          "line": 17,
          "column": 12
        },
        "end": {
          "line": 17,
          "column": 53
        }
      },
      "6": {
        "start": {
          "line": 18,
          "column": 12
        },
        "end": {
          "line": 18,
          "column": 55
        }
      },
      "7": {
        "start": {
          "line": 22,
          "column": 8
        },
        "end": {
          "line": 22,
          "column": 82
        }
      },
      "8": {
        "start": {
          "line": 25,
          "column": 8
        },
        "end": {
          "line": 25,
          "column": 52
        }
      },
      "9": {
        "start": {
          "line": 28,
          "column": 8
        },
        "end": {
          "line": 28,
          "column": 53
        }
      },
      "10": {
        "start": {
          "line": 31,
          "column": 0
        },
        "end": {
          "line": 31,
          "column": 119
        }
      },
      "11": {
        "start": {
          "line": 31,
          "column": 59
        },
        "end": {
          "line": 31,
          "column": 116
        }
      },
      "12": {
        "start": {
          "line": 32,
          "column": 0
        },
        "end": {
          "line": 32,
          "column": 122
        }
      },
      "13": {
        "start": {
          "line": 33,
          "column": 14
        },
        "end": {
          "line": 38,
          "column": 67
        }
      },
      "14": {
        "start": {
          "line": 33,
          "column": 29
        },
        "end": {
          "line": 38,
          "column": 61
        }
      },
      "15": {
        "start": {
          "line": 38,
          "column": 22
        },
        "end": {
          "line": 38,
          "column": 51
        }
      }
    },
    "fnMap": {
      "0": {
        "name": "(anonymous_0)",
        "decl": {
          "start": {
            "line": 7,
            "column": 4
          },
          "end": {
            "line": 7,
            "column": 5
          }
        },
        "loc": {
          "start": {
            "line": 7,
            "column": 24
          },
          "end": {
            "line": 9,
            "column": 5
          }
        },
        "line": 7
      },
      "1": {
        "name": "(anonymous_1)",
        "decl": {
          "start": {
            "line": 10,
            "column": 4
          },
          "end": {
            "line": 10,
            "column": 5
          }
        },
        "loc": {
          "start": {
            "line": 10,
            "column": 40
          },
          "end": {
            "line": 13,
            "column": 5
          }
        },
        "line": 10
      },
      "2": {
        "name": "(anonymous_2)",
        "decl": {
          "start": {
            "line": 14,
            "column": 4
          },
          "end": {
            "line": 14,
            "column": 5
          }
        },
        "loc": {
          "start": {
            "line": 14,
            "column": 14
          },
          "end": {
            "line": 20,
            "column": 5
          }
        },
        "line": 14
      },
      "3": {
        "name": "(anonymous_3)",
        "decl": {
          "start": {
            "line": 15,
            "column": 47
          },
          "end": {
            "line": 15,
            "column": 48
          }
        },
        "loc": {
          "start": {
            "line": 15,
            "column": 60
          },
          "end": {
            "line": 19,
            "column": 9
          }
        },
        "line": 15
      },
      "4": {
        "name": "(anonymous_4)",
        "decl": {
          "start": {
            "line": 21,
            "column": 4
          },
          "end": {
            "line": 21,
            "column": 5
          }
        },
        "loc": {
          "start": {
            "line": 21,
            "column": 13
          },
          "end": {
            "line": 23,
            "column": 5
          }
        },
        "line": 21
      },
      "5": {
        "name": "(anonymous_5)",
        "decl": {
          "start": {
            "line": 24,
            "column": 4
          },
          "end": {
            "line": 24,
            "column": 5
          }
        },
        "loc": {
          "start": {
            "line": 24,
            "column": 23
          },
          "end": {
            "line": 26,
            "column": 5
          }
        },
        "line": 24
      },
      "6": {
        "name": "(anonymous_6)",
        "decl": {
          "start": {
            "line": 27,
            "column": 4
          },
          "end": {
            "line": 27,
            "column": 5
          }
        },
        "loc": {
          "start": {
            "line": 27,
            "column": 24
          },
          "end": {
            "line": 29,
            "column": 5
          }
        },
        "line": 27
      },
      "7": {
        "name": "SessionService_Factory",
        "decl": {
          "start": {
            "line": 31,
            "column": 31
          },
          "end": {
            "line": 31,
            "column": 53
          }
        },
        "loc": {
          "start": {
            "line": 31,
            "column": 57
          },
          "end": {
            "line": 31,
            "column": 118
          }
        },
        "line": 31
      },
      "8": {
        "name": "(anonymous_8)",
        "decl": {
          "start": {
            "line": 33,
            "column": 15
          },
          "end": {
            "line": 33,
            "column": 16
          }
        },
        "loc": {
          "start": {
            "line": 33,
            "column": 27
          },
          "end": {
            "line": 38,
            "column": 63
          }
        },
        "line": 33
      },
      "9": {
        "name": "(anonymous_9)",
        "decl": {
          "start": {
            "line": 38,
            "column": 8
          },
          "end": {
            "line": 38,
            "column": 9
          }
        },
        "loc": {
          "start": {
            "line": 38,
            "column": 20
          },
          "end": {
            "line": 38,
            "column": 53
          }
        },
        "line": 38
      }
    },
    "branchMap": {
      "0": {
        "loc": {
          "start": {
            "line": 22,
            "column": 15
          },
          "end": {
            "line": 22,
            "column": 81
          }
        },
        "type": "binary-expr",
        "locations": [
          {
            "start": {
              "line": 22,
              "column": 15
            },
            "end": {
              "line": 22,
              "column": 47
            }
          },
          {
            "start": {
              "line": 22,
              "column": 51
            },
            "end": {
              "line": 22,
              "column": 81
            }
          }
        ],
        "line": 22
      },
      "1": {
        "loc": {
          "start": {
            "line": 31,
            "column": 71
          },
          "end": {
            "line": 31,
            "column": 90
          }
        },
        "type": "binary-expr",
        "locations": [
          {
            "start": {
              "line": 31,
              "column": 71
            },
            "end": {
              "line": 31,
              "column": 72
            }
          },
          {
            "start": {
              "line": 31,
              "column": 76
            },
            "end": {
              "line": 31,
              "column": 90
            }
          }
        ],
        "line": 31
      }
    },
    "s": {
      "0": 3,
      "1": 0,
      "2": 0,
      "3": 0,
      "4": 0,
      "5": 0,
      "6": 0,
      "7": 123,
      "8": 252,
      "9": 0,
      "10": 3,
      "11": 3,
      "12": 3,
      "13": 3,
      "14": 3,
      "15": 0
    },
    "f": {
      "0": 3,
      "1": 0,
      "2": 0,
      "3": 0,
      "4": 123,
      "5": 252,
      "6": 0,
      "7": 3,
      "8": 3,
      "9": 0
    },
    "b": {
      "0": [
        123,
        123
      ],
      "1": [
        3,
        3
      ]
    },
    "inputSourceMap": {
      "version": 3,
      "file": "session.service.js",
      "sourceRoot": "",
      "sources": [
        "C:\\Users\\thibl\\dev\\SpotiFine\\front\\spotifine\\src\\services\\session.service.ts"
      ],
      "names": [],
      "mappings": ";AAAA,OAAO,EAAE,UAAU,EAAE,MAAM,eAAe,CAAC;AAC3C,OAAO,EAAC,MAAM,EAAC,MAAM,iBAAiB,CAAC;;;AAKvC,MAAM,OAAO,cAAc;IAEzB,YAAoB,MAAc;QAAd,WAAM,GAAN,MAAM,CAAQ;IAAI,CAAC;IAEvC,MAAM,CAAC,YAAoB,EAAE,aAAqB;QAC/C,YAAY,CAAC,OAAO,CAAC,cAAc,EAAE,YAAY,CAAC,CAAC;QACnD,YAAY,CAAC,OAAO,CAAC,eAAe,EAAE,aAAa,CAAC,CAAC;IACxD,CAAC;IAEK,OAAO;;YACX,YAAY,CAAC,UAAU,CAAC,cAAc,CAAC,CAAC;YACxC,YAAY,CAAC,UAAU,CAAC,eAAe,CAAC,CAAC;YACzC,MAAM,IAAI,CAAC,MAAM,CAAC,aAAa,CAAC,SAAS,CAAC,CAAC;QAC7C,CAAC;KAAA;IAED,MAAM;QACJ,OAAO,IAAI,CAAC,gBAAgB,EAAE,KAAK,IAAI,IAAI,IAAI,CAAC,gBAAgB,EAAE,KAAK,EAAE,CAAC;IAC5E,CAAC;IAED,gBAAgB;QACd,OAAO,YAAY,CAAC,OAAO,CAAC,cAAc,CAAC,CAAC;IAC9C,CAAC;IAED,iBAAiB;QACf,OAAO,YAAY,CAAC,OAAO,CAAC,eAAe,CAAC,CAAC;IAC/C,CAAC;;4EAzBU,cAAc;sDAAd,cAAc,WAAd,cAAc,mBAFb,MAAM;kDAEP,cAAc;cAH1B,UAAU;eAAC;gBACV,UAAU,EAAE,MAAM;aACnB",
      "sourcesContent": [
        "import { Injectable } from '@angular/core';\r\nimport {Router} from \"@angular/router\";\r\n\r\n@Injectable({\r\n  providedIn: 'root'\r\n})\r\nexport class SessionService {\r\n\r\n  constructor(private router: Router) { }\r\n\r\n  log_in(access_token: string, refresh_token: string){\r\n     localStorage.setItem('access_token', access_token);\r\n     localStorage.setItem('refresh_token', refresh_token);\r\n  }\r\n\r\n  async log_out(){\r\n    localStorage.removeItem('access_token');\r\n    localStorage.removeItem('refresh_token');\r\n    await this.router.navigateByUrl('welcome');\r\n  }\r\n\r\n  isAuth(): boolean {\r\n    return this.get_access_token() !== null && this.get_access_token() !== '';\r\n  }\r\n\r\n  get_access_token(): string {\r\n    return localStorage.getItem('access_token');\r\n  }\r\n\r\n  get_refresh_token(): string {\r\n    return localStorage.getItem('refresh_token');\r\n  }\r\n}\r\n"
      ]
    },
    "_coverageSchema": "332fd63041d2c1bcb487cc26dd0d5f7d97098a6c",
    "hash": "22b1ee40a2243228b627b9556e57fe2901cc36ec"
  },
  "C:\\Users\\thibl\\dev\\SpotiFine\\front\\spotifine\\src\\services\\spotify-connector.service.ts": {
    "path": "C:\\Users\\thibl\\dev\\SpotiFine\\front\\spotifine\\src\\services\\spotify-connector.service.ts",
    "statementMap": {
      "0": {
        "start": {
          "line": 9,
          "column": 8
        },
        "end": {
          "line": 9,
          "column": 31
        }
      },
      "1": {
        "start": {
          "line": 10,
          "column": 8
        },
        "end": {
          "line": 10,
          "column": 46
        }
      },
      "2": {
        "start": {
          "line": 13,
          "column": 8
        },
        "end": {
          "line": 15,
          "column": 11
        }
      },
      "3": {
        "start": {
          "line": 14,
          "column": 12
        },
        "end": {
          "line": 14,
          "column": 82
        }
      },
      "4": {
        "start": {
          "line": 18,
          "column": 8
        },
        "end": {
          "line": 21,
          "column": 11
        }
      },
      "5": {
        "start": {
          "line": 19,
          "column": 12
        },
        "end": {
          "line": 19,
          "column": 49
        }
      },
      "6": {
        "start": {
          "line": 20,
          "column": 12
        },
        "end": {
          "line": 20,
          "column": 49
        }
      },
      "7": {
        "start": {
          "line": 24,
          "column": 8
        },
        "end": {
          "line": 27,
          "column": 11
        }
      },
      "8": {
        "start": {
          "line": 25,
          "column": 12
        },
        "end": {
          "line": 25,
          "column": 49
        }
      },
      "9": {
        "start": {
          "line": 26,
          "column": 12
        },
        "end": {
          "line": 26,
          "column": 60
        }
      },
      "10": {
        "start": {
          "line": 30,
          "column": 8
        },
        "end": {
          "line": 38,
          "column": 11
        }
      },
      "11": {
        "start": {
          "line": 31,
          "column": 12
        },
        "end": {
          "line": 37,
          "column": 13
        }
      },
      "12": {
        "start": {
          "line": 32,
          "column": 16
        },
        "end": {
          "line": 32,
          "column": 40
        }
      },
      "13": {
        "start": {
          "line": 33,
          "column": 16
        },
        "end": {
          "line": 33,
          "column": 28
        }
      },
      "14": {
        "start": {
          "line": 36,
          "column": 16
        },
        "end": {
          "line": 36,
          "column": 29
        }
      },
      "15": {
        "start": {
          "line": 41,
          "column": 0
        },
        "end": {
          "line": 41,
          "column": 154
        }
      },
      "16": {
        "start": {
          "line": 41,
          "column": 77
        },
        "end": {
          "line": 41,
          "column": 151
        }
      },
      "17": {
        "start": {
          "line": 42,
          "column": 0
        },
        "end": {
          "line": 42,
          "column": 149
        }
      },
      "18": {
        "start": {
          "line": 43,
          "column": 14
        },
        "end": {
          "line": 48,
          "column": 75
        }
      },
      "19": {
        "start": {
          "line": 43,
          "column": 29
        },
        "end": {
          "line": 48,
          "column": 69
        }
      },
      "20": {
        "start": {
          "line": 48,
          "column": 22
        },
        "end": {
          "line": 48,
          "column": 59
        }
      }
    },
    "fnMap": {
      "0": {
        "name": "(anonymous_0)",
        "decl": {
          "start": {
            "line": 8,
            "column": 4
          },
          "end": {
            "line": 8,
            "column": 5
          }
        },
        "loc": {
          "start": {
            "line": 8,
            "column": 25
          },
          "end": {
            "line": 11,
            "column": 5
          }
        },
        "line": 8
      },
      "1": {
        "name": "(anonymous_1)",
        "decl": {
          "start": {
            "line": 12,
            "column": 4
          },
          "end": {
            "line": 12,
            "column": 5
          }
        },
        "loc": {
          "start": {
            "line": 12,
            "column": 30
          },
          "end": {
            "line": 16,
            "column": 5
          }
        },
        "line": 12
      },
      "2": {
        "name": "(anonymous_2)",
        "decl": {
          "start": {
            "line": 13,
            "column": 47
          },
          "end": {
            "line": 13,
            "column": 48
          }
        },
        "loc": {
          "start": {
            "line": 13,
            "column": 60
          },
          "end": {
            "line": 15,
            "column": 9
          }
        },
        "line": 13
      },
      "3": {
        "name": "(anonymous_3)",
        "decl": {
          "start": {
            "line": 17,
            "column": 4
          },
          "end": {
            "line": 17,
            "column": 5
          }
        },
        "loc": {
          "start": {
            "line": 17,
            "column": 17
          },
          "end": {
            "line": 22,
            "column": 5
          }
        },
        "line": 17
      },
      "4": {
        "name": "(anonymous_4)",
        "decl": {
          "start": {
            "line": 18,
            "column": 47
          },
          "end": {
            "line": 18,
            "column": 48
          }
        },
        "loc": {
          "start": {
            "line": 18,
            "column": 60
          },
          "end": {
            "line": 21,
            "column": 9
          }
        },
        "line": 18
      },
      "5": {
        "name": "(anonymous_5)",
        "decl": {
          "start": {
            "line": 23,
            "column": 4
          },
          "end": {
            "line": 23,
            "column": 5
          }
        },
        "loc": {
          "start": {
            "line": 23,
            "column": 23
          },
          "end": {
            "line": 28,
            "column": 5
          }
        },
        "line": 23
      },
      "6": {
        "name": "(anonymous_6)",
        "decl": {
          "start": {
            "line": 24,
            "column": 47
          },
          "end": {
            "line": 24,
            "column": 48
          }
        },
        "loc": {
          "start": {
            "line": 24,
            "column": 60
          },
          "end": {
            "line": 27,
            "column": 9
          }
        },
        "line": 24
      },
      "7": {
        "name": "(anonymous_7)",
        "decl": {
          "start": {
            "line": 29,
            "column": 4
          },
          "end": {
            "line": 29,
            "column": 5
          }
        },
        "loc": {
          "start": {
            "line": 29,
            "column": 21
          },
          "end": {
            "line": 39,
            "column": 5
          }
        },
        "line": 29
      },
      "8": {
        "name": "(anonymous_8)",
        "decl": {
          "start": {
            "line": 30,
            "column": 47
          },
          "end": {
            "line": 30,
            "column": 48
          }
        },
        "loc": {
          "start": {
            "line": 30,
            "column": 60
          },
          "end": {
            "line": 38,
            "column": 9
          }
        },
        "line": 30
      },
      "9": {
        "name": "SpotifyConnectorService_Factory",
        "decl": {
          "start": {
            "line": 41,
            "column": 40
          },
          "end": {
            "line": 41,
            "column": 71
          }
        },
        "loc": {
          "start": {
            "line": 41,
            "column": 75
          },
          "end": {
            "line": 41,
            "column": 153
          }
        },
        "line": 41
      },
      "10": {
        "name": "(anonymous_10)",
        "decl": {
          "start": {
            "line": 43,
            "column": 15
          },
          "end": {
            "line": 43,
            "column": 16
          }
        },
        "loc": {
          "start": {
            "line": 43,
            "column": 27
          },
          "end": {
            "line": 48,
            "column": 71
          }
        },
        "line": 43
      },
      "11": {
        "name": "(anonymous_11)",
        "decl": {
          "start": {
            "line": 48,
            "column": 8
          },
          "end": {
            "line": 48,
            "column": 9
          }
        },
        "loc": {
          "start": {
            "line": 48,
            "column": 20
          },
          "end": {
            "line": 48,
            "column": 61
          }
        },
        "line": 48
      }
    },
    "branchMap": {
      "0": {
        "loc": {
          "start": {
            "line": 41,
            "column": 89
          },
          "end": {
            "line": 41,
            "column": 117
          }
        },
        "type": "binary-expr",
        "locations": [
          {
            "start": {
              "line": 41,
              "column": 89
            },
            "end": {
              "line": 41,
              "column": 90
            }
          },
          {
            "start": {
              "line": 41,
              "column": 94
            },
            "end": {
              "line": 41,
              "column": 117
            }
          }
        ],
        "line": 41
      }
    },
    "s": {
      "0": 3,
      "1": 3,
      "2": 6,
      "3": 6,
      "4": 3,
      "5": 3,
      "6": 3,
      "7": 3,
      "8": 3,
      "9": 3,
      "10": 0,
      "11": 0,
      "12": 0,
      "13": 0,
      "14": 0,
      "15": 3,
      "16": 3,
      "17": 3,
      "18": 3,
      "19": 3,
      "20": 0
    },
    "f": {
      "0": 3,
      "1": 6,
      "2": 6,
      "3": 3,
      "4": 3,
      "5": 3,
      "6": 3,
      "7": 0,
      "8": 0,
      "9": 3,
      "10": 3,
      "11": 0
    },
    "b": {
      "0": [
        3,
        3
      ]
    },
    "inputSourceMap": {
      "version": 3,
      "file": "spotify-connector.service.js",
      "sourceRoot": "",
      "sources": [
        "C:\\Users\\thibl\\dev\\SpotiFine\\front\\spotifine\\src\\services\\spotify-connector.service.ts"
      ],
      "names": [],
      "mappings": ";AAAA,OAAO,EAAE,UAAU,EAAE,MAAM,eAAe,CAAC;AAC3C,OAAO,aAAa,MAAM,oBAAoB,CAAC;AAC/C,OAAO,EAAC,cAAc,EAAC,MAAM,mBAAmB,CAAC;;;AAMjD,MAAM,OAAO,uBAAuB;IAGlC,YAAoB,OAAuB;QAAvB,YAAO,GAAP,OAAO,CAAgB;QACzC,IAAI,CAAC,UAAU,GAAG,IAAI,aAAa,EAAE,CAAC;IACxC,CAAC;IACK,uBAAuB;;YAC3B,MAAM,IAAI,CAAC,UAAU,CAAC,cAAc,CAAC,IAAI,CAAC,OAAO,CAAC,gBAAgB,EAAE,CAAC,CAAC;QACxE,CAAC;KAAA;IACK,UAAU;;YACd,MAAM,IAAI,CAAC,uBAAuB,EAAE,CAAA;YACpC,OAAO,MAAM,IAAI,CAAC,UAAU,CAAC,KAAK,EAAE,CAAC;QACvC,CAAC;KAAA;IACK,gBAAgB;;YACpB,MAAM,IAAI,CAAC,uBAAuB,EAAE,CAAC;YACrC,OAAO,MAAM,IAAI,CAAC,UAAU,CAAC,gBAAgB,EAAE,CAAC;QAClD,CAAC;KAAA;IACK,cAAc;;YAClB,IAAI;gBACF,MAAM,IAAI,CAAC,UAAU,EAAE,CAAC;gBACxB,OAAO,IAAI,CAAC;aACb;YAAC,OAAO,CAAC,EAAE;gBACV,OAAO,KAAK,CAAC;aACd;QACH,CAAC;KAAA;;8FAxBU,uBAAuB;+DAAvB,uBAAuB,WAAvB,uBAAuB,mBAFtB,MAAM;kDAEP,uBAAuB;cAHnC,UAAU;eAAC;gBACV,UAAU,EAAE,MAAM;aACnB",
      "sourcesContent": [
        "import { Injectable } from '@angular/core';\r\nimport SpotifyWebApi from 'spotify-web-api-js';\r\nimport {SessionService} from \"./session.service\";\r\n\r\n\r\n@Injectable({\r\n  providedIn: 'root'\r\n})\r\nexport class SpotifyConnectorService {\r\n\r\n  spotifyApi: SpotifyWebApi.SpotifyWebApiJs;\r\n  constructor(private session: SessionService) {\r\n    this.spotifyApi = new SpotifyWebApi();\r\n  }\r\n  async setTokenToSpotifyObject() {\r\n    await this.spotifyApi.setAccessToken(this.session.get_access_token());\r\n  }\r\n  async getAccount(): Promise<SpotifyApi.CurrentUsersProfileResponse>{\r\n    await this.setTokenToSpotifyObject()\r\n    return await this.spotifyApi.getMe();\r\n  }\r\n  async getUserPlaylists(): Promise<SpotifyApi.ListOfUsersPlaylistsResponse> {\r\n    await this.setTokenToSpotifyObject();\r\n    return await this.spotifyApi.getUserPlaylists();\r\n  }\r\n  async is_token_valid(): Promise<boolean> {\r\n    try {\r\n      await this.getAccount();\r\n      return true;\r\n    } catch (e) {\r\n      return false;\r\n    }\r\n  }\r\n}\r\n"
      ]
    },
    "_coverageSchema": "332fd63041d2c1bcb487cc26dd0d5f7d97098a6c",
    "hash": "b6e5dcb835c5b7f753b19e1ef716bbdf12e94656"
  },
  "C:\\Users\\thibl\\dev\\SpotiFine\\front\\spotifine\\src\\utils.ts": {
    "path": "C:\\Users\\thibl\\dev\\SpotiFine\\front\\spotifine\\src\\utils.ts",
    "statementMap": {
      "0": {
        "start": {
          "line": 1,
          "column": 28
        },
        "end": {
          "line": 7,
          "column": 1
        }
      },
      "1": {
        "start": {
          "line": 2,
          "column": 14
        },
        "end": {
          "line": 2,
          "column": 16
        }
      },
      "2": {
        "start": {
          "line": 3,
          "column": 4
        },
        "end": {
          "line": 5,
          "column": 5
        }
      },
      "3": {
        "start": {
          "line": 4,
          "column": 8
        },
        "end": {
          "line": 4,
          "column": 105
        }
      },
      "4": {
        "start": {
          "line": 6,
          "column": 4
        },
        "end": {
          "line": 6,
          "column": 15
        }
      },
      "5": {
        "start": {
          "line": 8,
          "column": 26
        },
        "end": {
          "line": 18,
          "column": 1
        }
      },
      "6": {
        "start": {
          "line": 9,
          "column": 4
        },
        "end": {
          "line": 17,
          "column": 18
        }
      },
      "7": {
        "start": {
          "line": 10,
          "column": 8
        },
        "end": {
          "line": 14,
          "column": 10
        }
      },
      "8": {
        "start": {
          "line": 17,
          "column": 8
        },
        "end": {
          "line": 17,
          "column": 18
        }
      }
    },
    "fnMap": {
      "0": {
        "name": "(anonymous_0)",
        "decl": {
          "start": {
            "line": 1,
            "column": 28
          },
          "end": {
            "line": 1,
            "column": 29
          }
        },
        "loc": {
          "start": {
            "line": 1,
            "column": 40
          },
          "end": {
            "line": 7,
            "column": 1
          }
        },
        "line": 1
      },
      "1": {
        "name": "(anonymous_1)",
        "decl": {
          "start": {
            "line": 8,
            "column": 26
          },
          "end": {
            "line": 8,
            "column": 27
          }
        },
        "loc": {
          "start": {
            "line": 8,
            "column": 44
          },
          "end": {
            "line": 18,
            "column": 1
          }
        },
        "line": 8
      }
    },
    "branchMap": {
      "0": {
        "loc": {
          "start": {
            "line": 9,
            "column": 4
          },
          "end": {
            "line": 17,
            "column": 18
          }
        },
        "type": "if",
        "locations": [
          {
            "start": {
              "line": 9,
              "column": 4
            },
            "end": {
              "line": 17,
              "column": 18
            }
          },
          {
            "start": {
              "line": 9,
              "column": 4
            },
            "end": {
              "line": 17,
              "column": 18
            }
          }
        ],
        "line": 9
      }
    },
    "s": {
      "0": 3,
      "1": 0,
      "2": 0,
      "3": 0,
      "4": 0,
      "5": 3,
      "6": 0,
      "7": 0,
      "8": 0
    },
    "f": {
      "0": 0,
      "1": 0
    },
    "b": {
      "0": [
        0,
        0
      ]
    },
    "inputSourceMap": {
      "version": 3,
      "file": "utils.js",
      "sourceRoot": "",
      "sources": [
        "C:\\Users\\thibl\\dev\\SpotiFine\\front\\spotifine\\src\\utils.ts"
      ],
      "names": [],
      "mappings": "AAAA,MAAM,CAAC,MAAM,YAAY,GAAG,CAAC,MAAc,EAAU,EAAE;IACnD,IAAI,GAAG,GAAG,EAAE,CAAC;IACb,KAAI,GAAG,EAAE,GAAG,CAAC,MAAM,GAAG,MAAM,GAAE;QAC1B,GAAG,IAAI,+DAA+D,CAAC,CAAC,IAAI,CAAC,MAAM,EAAE,GAAG,EAAE,CAAC,GAAG,CAAC,CAAC,CAAA;KACnG;IACD,OAAO,GAAG,CAAC;AACf,CAAC,CAAA;AACD,MAAM,CAAC,MAAM,UAAU,GAAG,CAAC,YAAoB,EAAE,EAAE;IAC/C,IAAI,YAAY,EAAE;QACd,OAAO;YACH,UAAU,EAAE;gBACR,YAAY,EAAE,YAAY;aAC7B;SACJ,CAAA;KACJ;;QAAM,OAAO,EAAE,CAAA;AACpB,CAAC,CAAA",
      "sourcesContent": [
        "export const randomString = (length: number): string => {\r\n    let res = '';\r\n    for(res; res.length < length;){\r\n        res += \"0123456789ABCDEFGHIJKLMNOPQRSTUVWXTZabcdefghiklmnopqrstuvwxyz\"[(Math.random() * 60) | 0]\r\n    }\r\n    return res;\r\n}\r\nexport const set_header = (access_token: string) => {\r\n    if (access_token) {\r\n        return {\r\n            setHeaders: {\r\n                access_token: access_token\r\n            }\r\n        }\r\n    } else return {}\r\n}"
      ]
    },
    "_coverageSchema": "332fd63041d2c1bcb487cc26dd0d5f7d97098a6c",
    "hash": "bd5d28fc7a7d38c702118d4c60cc1990439c8fd8"
  },
  "C:\\Users\\thibl\\dev\\SpotiFine\\front\\spotifine\\src\\services\\auth.service.ts": {
    "path": "C:\\Users\\thibl\\dev\\SpotiFine\\front\\spotifine\\src\\services\\auth.service.ts",
    "statementMap": {
      "0": {
        "start": {
          "line": 8,
          "column": 8
        },
        "end": {
          "line": 8,
          "column": 25
        }
      },
      "1": {
        "start": {
          "line": 9,
          "column": 8
        },
        "end": {
          "line": 9,
          "column": 95
        }
      },
      "2": {
        "start": {
          "line": 12,
          "column": 8
        },
        "end": {
          "line": 12,
          "column": 103
        }
      },
      "3": {
        "start": {
          "line": 15,
          "column": 8
        },
        "end": {
          "line": 15,
          "column": 70
        }
      },
      "4": {
        "start": {
          "line": 18,
          "column": 8
        },
        "end": {
          "line": 18,
          "column": 72
        }
      },
      "5": {
        "start": {
          "line": 21,
          "column": 8
        },
        "end": {
          "line": 21,
          "column": 87
        }
      },
      "6": {
        "start": {
          "line": 24,
          "column": 0
        },
        "end": {
          "line": 24,
          "column": 114
        }
      },
      "7": {
        "start": {
          "line": 24,
          "column": 53
        },
        "end": {
          "line": 24,
          "column": 111
        }
      },
      "8": {
        "start": {
          "line": 25,
          "column": 0
        },
        "end": {
          "line": 25,
          "column": 113
        }
      },
      "9": {
        "start": {
          "line": 26,
          "column": 14
        },
        "end": {
          "line": 31,
          "column": 71
        }
      },
      "10": {
        "start": {
          "line": 26,
          "column": 29
        },
        "end": {
          "line": 31,
          "column": 65
        }
      },
      "11": {
        "start": {
          "line": 31,
          "column": 22
        },
        "end": {
          "line": 31,
          "column": 55
        }
      }
    },
    "fnMap": {
      "0": {
        "name": "(anonymous_0)",
        "decl": {
          "start": {
            "line": 7,
            "column": 4
          },
          "end": {
            "line": 7,
            "column": 5
          }
        },
        "loc": {
          "start": {
            "line": 7,
            "column": 22
          },
          "end": {
            "line": 10,
            "column": 5
          }
        },
        "line": 7
      },
      "1": {
        "name": "(anonymous_1)",
        "decl": {
          "start": {
            "line": 11,
            "column": 4
          },
          "end": {
            "line": 11,
            "column": 5
          }
        },
        "loc": {
          "start": {
            "line": 11,
            "column": 27
          },
          "end": {
            "line": 13,
            "column": 5
          }
        },
        "line": 11
      },
      "2": {
        "name": "(anonymous_2)",
        "decl": {
          "start": {
            "line": 14,
            "column": 4
          },
          "end": {
            "line": 14,
            "column": 5
          }
        },
        "loc": {
          "start": {
            "line": 14,
            "column": 20
          },
          "end": {
            "line": 16,
            "column": 5
          }
        },
        "line": 14
      },
      "3": {
        "name": "(anonymous_3)",
        "decl": {
          "start": {
            "line": 17,
            "column": 4
          },
          "end": {
            "line": 17,
            "column": 5
          }
        },
        "loc": {
          "start": {
            "line": 17,
            "column": 32
          },
          "end": {
            "line": 19,
            "column": 5
          }
        },
        "line": 17
      },
      "4": {
        "name": "(anonymous_4)",
        "decl": {
          "start": {
            "line": 20,
            "column": 4
          },
          "end": {
            "line": 20,
            "column": 5
          }
        },
        "loc": {
          "start": {
            "line": 20,
            "column": 27
          },
          "end": {
            "line": 22,
            "column": 5
          }
        },
        "line": 20
      },
      "5": {
        "name": "AuthService_Factory",
        "decl": {
          "start": {
            "line": 24,
            "column": 28
          },
          "end": {
            "line": 24,
            "column": 47
          }
        },
        "loc": {
          "start": {
            "line": 24,
            "column": 51
          },
          "end": {
            "line": 24,
            "column": 113
          }
        },
        "line": 24
      },
      "6": {
        "name": "(anonymous_6)",
        "decl": {
          "start": {
            "line": 26,
            "column": 15
          },
          "end": {
            "line": 26,
            "column": 16
          }
        },
        "loc": {
          "start": {
            "line": 26,
            "column": 27
          },
          "end": {
            "line": 31,
            "column": 67
          }
        },
        "line": 26
      },
      "7": {
        "name": "(anonymous_7)",
        "decl": {
          "start": {
            "line": 31,
            "column": 8
          },
          "end": {
            "line": 31,
            "column": 9
          }
        },
        "loc": {
          "start": {
            "line": 31,
            "column": 20
          },
          "end": {
            "line": 31,
            "column": 57
          }
        },
        "line": 31
      }
    },
    "branchMap": {
      "0": {
        "loc": {
          "start": {
            "line": 24,
            "column": 65
          },
          "end": {
            "line": 24,
            "column": 81
          }
        },
        "type": "binary-expr",
        "locations": [
          {
            "start": {
              "line": 24,
              "column": 65
            },
            "end": {
              "line": 24,
              "column": 66
            }
          },
          {
            "start": {
              "line": 24,
              "column": 70
            },
            "end": {
              "line": 24,
              "column": 81
            }
          }
        ],
        "line": 24
      }
    },
    "s": {
      "0": 3,
      "1": 3,
      "2": 0,
      "3": 0,
      "4": 0,
      "5": 0,
      "6": 3,
      "7": 3,
      "8": 3,
      "9": 3,
      "10": 3,
      "11": 0
    },
    "f": {
      "0": 3,
      "1": 0,
      "2": 0,
      "3": 0,
      "4": 0,
      "5": 3,
      "6": 3,
      "7": 0
    },
    "b": {
      "0": [
        3,
        3
      ]
    },
    "inputSourceMap": {
      "version": 3,
      "file": "auth.service.js",
      "sourceRoot": "",
      "sources": [
        "C:\\Users\\thibl\\dev\\SpotiFine\\front\\spotifine\\src\\services\\auth.service.ts"
      ],
      "names": [],
      "mappings": "AAAA,OAAO,EAAE,UAAU,EAAE,MAAM,eAAe,CAAC;AAC3C,OAAO,EAAC,UAAU,EAAC,MAAM,sBAAsB,CAAC;AAChD,OAAO,EAAC,WAAW,EAAC,MAAM,6BAA6B,CAAC;;;AAOxD,MAAM,OAAO,WAAW;IAIpB,YAAoB,IAAgB;QAAhB,SAAI,GAAJ,IAAI,CAAY;QAFpC,QAAG,GAAG,WAAW,WAAW,CAAC,mBAAmB,IAAI,WAAW,CAAC,eAAe,EAAE,CAAC;IAE3C,CAAC;IAExC,eAAe,CAAC,KAAa;QACzB,OAAO,IAAI,CAAC,IAAI,CAAC,GAAG,CAAC,GAAG,IAAI,CAAC,GAAG,QAAQ,EAAE,EAAC,YAAY,EAAE,MAAM,EAAE,OAAO,EAAE,EAAC,KAAK,EAAE,KAAK,EAAC,EAAC,CAAC,CAAC;IAC/F,CAAC;IAED,WAAW,CAAC,EAAO;QACf,OAAO,IAAI,CAAC,IAAI,CAAC,GAAG,CAAgD,GAAG,IAAI,CAAC,GAAG,WAAW,EAAE,EAAC,OAAO,EAAE,EAAE,EAAC,CAAC,CAAC;IAC/G,CAAC;IAED,YAAY,CAAC,aAAqB;QAC9B,OAAO,IAAI,CAAC,OAAO,CAAC,QAAQ,EAAE,EAAC,aAAa,EAAE,aAAa,EAAC,CAAC,CAAC;IAClE,CAAC;IAED,OAAO,CAAC,IAAY,EAAE,OAAa;QAC/B,OAAO,IAAI,CAAC,IAAI,CAAC,GAAG,CAAC,IAAI,CAAC,GAAG,GAAG,IAAI,EAAE,EAAC,OAAO,oBAAO,OAAO,CAAC,EAAC,CAAC,CAAA;IACnE,CAAC;;sEApBQ,WAAW;mDAAX,WAAW,WAAX,WAAW,mBAFR,MAAM;kDAET,WAAW;cAHvB,UAAU;eAAC;gBACR,UAAU,EAAE,MAAM;aACrB",
      "sourcesContent": [
        "import { Injectable } from '@angular/core';\r\nimport {HttpClient} from \"@angular/common/http\";\r\nimport {environment} from \"../environments/environment\";\r\nimport {Observable} from \"rxjs\";\r\nimport {ISpotifyToken} from \"../../../../lib/interfaces/auth\";\r\n\r\n@Injectable({\r\n    providedIn: 'root'\r\n})\r\nexport class AuthService {\r\n\r\n    api = `https://${environment.SF_BACKEND_ADDR_DEV}:${environment.SF_BACKEND_PORT}`;\r\n\r\n    constructor(private http: HttpClient) {}\r\n\r\n    getAuthorizeURL(state: string): Observable<string>{\r\n        return this.http.get(`${this.api}/login`, {responseType: 'text', headers: {state: state}});\r\n    }\r\n\r\n    getCallback(qP: any): Observable<{access_token: string, refresh_token: string}>{\r\n        return this.http.get<{access_token: string, refresh_token: string}>(`${this.api}/callback`, {headers: qP});\r\n    }\r\n\r\n    refreshToken(refresh_token: string): Observable<ISpotifyToken>{\r\n        return this.api_get('/token', {refresh_token: refresh_token});\r\n    }\r\n\r\n    api_get(path: string, headers?: any): Observable<any> {\r\n        return this.http.get(this.api + path, {headers: {... headers}})\r\n    }\r\n\r\n}\r\n"
      ]
    },
    "_coverageSchema": "332fd63041d2c1bcb487cc26dd0d5f7d97098a6c",
    "hash": "dd63202e3465f5cdc74d8d1fa7a6bb67a2c5f3c3"
  },
  "C:\\Users\\thibl\\dev\\SpotiFine\\front\\spotifine\\src\\services\\error.interceptor.service.ts": {
    "path": "C:\\Users\\thibl\\dev\\SpotiFine\\front\\spotifine\\src\\services\\error.interceptor.service.ts",
    "statementMap": {
      "0": {
        "start": {
          "line": 14,
          "column": 8
        },
        "end": {
          "line": 14,
          "column": 31
        }
      },
      "1": {
        "start": {
          "line": 15,
          "column": 8
        },
        "end": {
          "line": 15,
          "column": 31
        }
      },
      "2": {
        "start": {
          "line": 16,
          "column": 8
        },
        "end": {
          "line": 16,
          "column": 25
        }
      },
      "3": {
        "start": {
          "line": 17,
          "column": 8
        },
        "end": {
          "line": 17,
          "column": 56
        }
      },
      "4": {
        "start": {
          "line": 20,
          "column": 8
        },
        "end": {
          "line": 31,
          "column": 12
        }
      },
      "5": {
        "start": {
          "line": 21,
          "column": 12
        },
        "end": {
          "line": 30,
          "column": 13
        }
      },
      "6": {
        "start": {
          "line": 23,
          "column": 20
        },
        "end": {
          "line": 25,
          "column": 23
        }
      },
      "7": {
        "start": {
          "line": 24,
          "column": 24
        },
        "end": {
          "line": 24,
          "column": 77
        }
      },
      "8": {
        "start": {
          "line": 26,
          "column": 20
        },
        "end": {
          "line": 26,
          "column": 26
        }
      },
      "9": {
        "start": {
          "line": 28,
          "column": 20
        },
        "end": {
          "line": 28,
          "column": 58
        }
      },
      "10": {
        "start": {
          "line": 29,
          "column": 25
        },
        "end": {
          "line": 29,
          "column": 48
        }
      },
      "11": {
        "start": {
          "line": 34,
          "column": 8
        },
        "end": {
          "line": 40,
          "column": 9
        }
      },
      "12": {
        "start": {
          "line": 35,
          "column": 12
        },
        "end": {
          "line": 35,
          "column": 42
        }
      },
      "13": {
        "start": {
          "line": 36,
          "column": 12
        },
        "end": {
          "line": 39,
          "column": 15
        }
      },
      "14": {
        "start": {
          "line": 37,
          "column": 16
        },
        "end": {
          "line": 37,
          "column": 90
        }
      },
      "15": {
        "start": {
          "line": 38,
          "column": 16
        },
        "end": {
          "line": 38,
          "column": 47
        }
      },
      "16": {
        "start": {
          "line": 41,
          "column": 8
        },
        "end": {
          "line": 43,
          "column": 56
        }
      },
      "17": {
        "start": {
          "line": 41,
          "column": 63
        },
        "end": {
          "line": 41,
          "column": 86
        }
      },
      "18": {
        "start": {
          "line": 41,
          "column": 114
        },
        "end": {
          "line": 43,
          "column": 53
        }
      },
      "19": {
        "start": {
          "line": 46,
          "column": 0
        },
        "end": {
          "line": 46,
          "column": 224
        }
      },
      "20": {
        "start": {
          "line": 46,
          "column": 77
        },
        "end": {
          "line": 46,
          "column": 221
        }
      },
      "21": {
        "start": {
          "line": 47,
          "column": 0
        },
        "end": {
          "line": 47,
          "column": 149
        }
      },
      "22": {
        "start": {
          "line": 48,
          "column": 14
        },
        "end": {
          "line": 53,
          "column": 139
        }
      },
      "23": {
        "start": {
          "line": 48,
          "column": 29
        },
        "end": {
          "line": 53,
          "column": 133
        }
      },
      "24": {
        "start": {
          "line": 53,
          "column": 22
        },
        "end": {
          "line": 53,
          "column": 123
        }
      }
    },
    "fnMap": {
      "0": {
        "name": "(anonymous_0)",
        "decl": {
          "start": {
            "line": 13,
            "column": 4
          },
          "end": {
            "line": 13,
            "column": 5
          }
        },
        "loc": {
          "start": {
            "line": 13,
            "column": 40
          },
          "end": {
            "line": 18,
            "column": 5
          }
        },
        "line": 13
      },
      "1": {
        "name": "(anonymous_1)",
        "decl": {
          "start": {
            "line": 19,
            "column": 4
          },
          "end": {
            "line": 19,
            "column": 5
          }
        },
        "loc": {
          "start": {
            "line": 19,
            "column": 25
          },
          "end": {
            "line": 32,
            "column": 5
          }
        },
        "line": 19
      },
      "2": {
        "name": "(anonymous_2)",
        "decl": {
          "start": {
            "line": 20,
            "column": 108
          },
          "end": {
            "line": 20,
            "column": 109
          }
        },
        "loc": {
          "start": {
            "line": 20,
            "column": 115
          },
          "end": {
            "line": 31,
            "column": 9
          }
        },
        "line": 20
      },
      "3": {
        "name": "(anonymous_3)",
        "decl": {
          "start": {
            "line": 23,
            "column": 48
          },
          "end": {
            "line": 23,
            "column": 49
          }
        },
        "loc": {
          "start": {
            "line": 23,
            "column": 54
          },
          "end": {
            "line": 25,
            "column": 21
          }
        },
        "line": 23
      },
      "4": {
        "name": "(anonymous_4)",
        "decl": {
          "start": {
            "line": 33,
            "column": 4
          },
          "end": {
            "line": 33,
            "column": 5
          }
        },
        "loc": {
          "start": {
            "line": 33,
            "column": 30
          },
          "end": {
            "line": 44,
            "column": 5
          }
        },
        "line": 33
      },
      "5": {
        "name": "(anonymous_5)",
        "decl": {
          "start": {
            "line": 36,
            "column": 79
          },
          "end": {
            "line": 36,
            "column": 80
          }
        },
        "loc": {
          "start": {
            "line": 36,
            "column": 90
          },
          "end": {
            "line": 39,
            "column": 13
          }
        },
        "line": 36
      },
      "6": {
        "name": "(anonymous_6)",
        "decl": {
          "start": {
            "line": 41,
            "column": 46
          },
          "end": {
            "line": 41,
            "column": 47
          }
        },
        "loc": {
          "start": {
            "line": 41,
            "column": 63
          },
          "end": {
            "line": 41,
            "column": 86
          }
        },
        "line": 41
      },
      "7": {
        "name": "(anonymous_7)",
        "decl": {
          "start": {
            "line": 41,
            "column": 108
          },
          "end": {
            "line": 41,
            "column": 109
          }
        },
        "loc": {
          "start": {
            "line": 41,
            "column": 114
          },
          "end": {
            "line": 43,
            "column": 53
          }
        },
        "line": 41
      },
      "8": {
        "name": "ErrorInterceptorService_Factory",
        "decl": {
          "start": {
            "line": 46,
            "column": 40
          },
          "end": {
            "line": 46,
            "column": 71
          }
        },
        "loc": {
          "start": {
            "line": 46,
            "column": 75
          },
          "end": {
            "line": 46,
            "column": 223
          }
        },
        "line": 46
      },
      "9": {
        "name": "(anonymous_9)",
        "decl": {
          "start": {
            "line": 48,
            "column": 15
          },
          "end": {
            "line": 48,
            "column": 16
          }
        },
        "loc": {
          "start": {
            "line": 48,
            "column": 27
          },
          "end": {
            "line": 53,
            "column": 135
          }
        },
        "line": 48
      },
      "10": {
        "name": "(anonymous_10)",
        "decl": {
          "start": {
            "line": 53,
            "column": 8
          },
          "end": {
            "line": 53,
            "column": 9
          }
        },
        "loc": {
          "start": {
            "line": 53,
            "column": 20
          },
          "end": {
            "line": 53,
            "column": 125
          }
        },
        "line": 53
      }
    },
    "branchMap": {
      "0": {
        "loc": {
          "start": {
            "line": 21,
            "column": 12
          },
          "end": {
            "line": 30,
            "column": 13
          }
        },
        "type": "switch",
        "locations": [
          {
            "start": {
              "line": 22,
              "column": 16
            },
            "end": {
              "line": 26,
              "column": 26
            }
          },
          {
            "start": {
              "line": 27,
              "column": 16
            },
[...]
        },
        "end": {
          "line": 32,
          "column": 122
        }
      },
      "11": {
        "start": {
          "line": 25,
          "column": 29
        },
        "end": {
          "line": 32,
          "column": 116
        }
      },
      "12": {
        "start": {
          "line": 32,
          "column": 22
        },
        "end": {
          "line": 32,
          "column": 106
        }
      }
    },
    "fnMap": {
      "0": {
        "name": "(anonymous_0)",
        "decl": {
          "start": {
            "line": 11,
            "column": 4
          },
          "end": {
            "line": 11,
            "column": 5
          }
        },
        "loc": {
          "start": {
            "line": 11,
            "column": 39
          },
          "end": {
            "line": 15,
            "column": 5
          }
        },
        "line": 11
      },
      "1": {
        "name": "(anonymous_1)",
        "decl": {
          "start": {
            "line": 16,
            "column": 4
          },
          "end": {
            "line": 16,
            "column": 5
          }
        },
        "loc": {
          "start": {
            "line": 16,
            "column": 15
          },
          "end": {
            "line": 21,
            "column": 5
          }
        },
        "line": 16
      },
      "2": {
        "name": "(anonymous_2)",
        "decl": {
          "start": {
            "line": 17,
            "column": 97
          },
          "end": {
            "line": 17,
            "column": 98
          }
        },
        "loc": {
          "start": {
            "line": 17,
            "column": 106
          },
          "end": {
            "line": 20,
            "column": 10
          }
        },
        "line": 17
      },
      "3": {
        "name": "(anonymous_3)",
        "decl": {
          "start": {
            "line": 17,
            "column": 138
          },
          "end": {
            "line": 17,
            "column": 139
          }
        },
        "loc": {
          "start": {
            "line": 17,
            "column": 151
          },
          "end": {
            "line": 20,
            "column": 9
          }
        },
        "line": 17
      },
      "4": {
        "name": "CallbackPage_Factory",
        "decl": {
          "start": {
            "line": 23,
            "column": 29
          },
          "end": {
            "line": 23,
            "column": 49
          }
        },
        "loc": {
          "start": {
            "line": 23,
            "column": 53
          },
          "end": {
            "line": 23,
            "column": 200
          }
        },
        "line": 23
      },
      "5": {
        "name": "CallbackPage_Template",
        "decl": {
          "start": {
            "line": 24,
            "column": 132
          },
          "end": {
            "line": 24,
            "column": 153
          }
        },
        "loc": {
          "start": {
            "line": 24,
            "column": 163
          },
          "end": {
            "line": 24,
            "column": 166
          }
        },
        "line": 24
      },
      "6": {
        "name": "(anonymous_6)",
        "decl": {
          "start": {
            "line": 25,
            "column": 15
          },
          "end": {
            "line": 25,
            "column": 16
          }
        },
        "loc": {
          "start": {
            "line": 25,
            "column": 27
          },
          "end": {
            "line": 32,
            "column": 118
          }
        },
        "line": 25
      },
      "7": {
        "name": "(anonymous_7)",
        "decl": {
          "start": {
            "line": 32,
            "column": 8
          },
          "end": {
            "line": 32,
            "column": 9
          }
        },
        "loc": {
          "start": {
            "line": 32,
            "column": 20
          },
          "end": {
            "line": 32,
            "column": 108
          }
        },
        "line": 32
      }
    },
    "branchMap": {
      "0": {
        "loc": {
          "start": {
            "line": 23,
            "column": 67
          },
          "end": {
            "line": 23,
            "column": 84
          }
        },
        "type": "binary-expr",
        "locations": [
          {
            "start": {
              "line": 23,
              "column": 67
            },
            "end": {
              "line": 23,
              "column": 68
            }
          },
          {
            "start": {
              "line": 23,
              "column": 72
            },
            "end": {
              "line": 23,
              "column": 84
            }
          }
        ],
        "line": 23
      }
    },
    "s": {
      "0": 0,
      "1": 0,
      "2": 0,
      "3": 0,
      "4": 0,
      "5": 0,
      "6": 0,
      "7": 3,
      "8": 0,
      "9": 3,
      "10": 3,
      "11": 3,
      "12": 0
    },
    "f": {
      "0": 0,
      "1": 0,
      "2": 0,
      "3": 0,
      "4": 0,
      "5": 0,
      "6": 3,
      "7": 0
    },
    "b": {
      "0": [
        0,
        0
      ]
    },
    "inputSourceMap": {
      "version": 3,
      "file": "callback.page.js",
      "sourceRoot": "",
      "sources": [
        "C:\\Users\\thibl\\dev\\SpotiFine\\front\\spotifine\\src\\app\\pages\\callback\\callback.page.ts"
      ],
      "names": [],
      "mappings": ";AAAA,OAAO,EAAE,SAAS,EAAU,MAAM,eAAe,CAAC;AAClD,OAAO,EAAC,WAAW,EAAC,MAAM,gCAAgC,CAAC;AAC3D,OAAO,EAAC,MAAM,EAAC,MAAM,iBAAiB,CAAC;AACvC,OAAO,EAAC,cAAc,EAAC,MAAM,mCAAmC,CAAC;;;;;AAOjE,MAAM,OAAO,YAAY;IAEvB,YAAoB,IAAiB,EACjB,MAAc,EACd,OAAuB;QAFvB,SAAI,GAAJ,IAAI,CAAa;QACjB,WAAM,GAAN,MAAM,CAAQ;QACd,YAAO,GAAP,OAAO,CAAgB;IAAI,CAAC;IAEhD,QAAQ;QACN,IAAI,CAAC,IAAI,CAAC,WAAW,CAAC,IAAI,CAAC,MAAM,CAAC,oBAAoB,EAAE,CAAC,QAAQ,CAAC,WAAW,CAAC,CAAC,SAAS,CAAC,CAAM,GAAG,EAAE,EAAE;YACpG,IAAI,CAAC,OAAO,CAAC,MAAM,CAAC,GAAG,CAAC,YAAY,EAAE,GAAG,CAAC,aAAa,CAAC,CAAC;YACzD,MAAM,IAAI,CAAC,MAAM,CAAC,aAAa,CAAC,OAAO,CAAC,CAAC;QAC3C,CAAC,CAAA,CAAC,CAAC;IACL,CAAC;;wEAXU,YAAY;iDAAZ,YAAY;kDAAZ,YAAY;cALxB,SAAS;eAAC;gBACT,QAAQ,EAAE,cAAc;gBACxB,WAAW,EAAE,sBAAsB;gBACnC,SAAS,EAAE,CAAC,sBAAsB,CAAC;aACpC",
      "sourcesContent": [
        "import { Component, OnInit } from '@angular/core';\r\nimport {AuthService} from \"../../../services/auth.service\";\r\nimport {Router} from \"@angular/router\";\r\nimport {SessionService} from \"../../../services/session.service\";\r\n\r\n@Component({\r\n  selector: 'app-callback',\r\n  templateUrl: './callback.page.html',\r\n  styleUrls: ['./callback.page.scss'],\r\n})\r\nexport class CallbackPage implements OnInit {\r\n\r\n  constructor(private auth: AuthService,\r\n              private router: Router,\r\n              private session: SessionService) { }\r\n\r\n  ngOnInit() {\r\n    this.auth.getCallback(this.router.getCurrentNavigation().finalUrl.queryParams).subscribe(async(val) => {\r\n      this.session.log_in(val.access_token, val.refresh_token);\r\n      await this.router.navigateByUrl('/home');\r\n    });\r\n  }\r\n}\r\n"
      ]
    },
    "_coverageSchema": "332fd63041d2c1bcb487cc26dd0d5f7d97098a6c",
    "hash": "13f4bd8946c7962704ef0071f123940dc265e7d2"
  },
  "C:\\Users\\thibl\\dev\\SpotiFine\\front\\spotifine\\src\\app\\pages\\callback\\callback-routing.module.ts": {
    "path": "C:\\Users\\thibl\\dev\\SpotiFine\\front\\spotifine\\src\\app\\pages\\callback\\callback-routing.module.ts",
    "statementMap": {
      "0": {
        "start": {
          "line": 6,
          "column": 15
        },
        "end": {
          "line": 11,
          "column": 1
        }
      },
      "1": {
        "start": {
          "line": 14,
          "column": 0
        },
        "end": {
          "line": 14,
          "column": 90
        }
      },
      "2": {
        "start": {
          "line": 15,
          "column": 0
        },
        "end": {
          "line": 16,
          "column": 25
        }
      },
      "3": {
        "start": {
          "line": 15,
          "column": 112
        },
        "end": {
          "line": 15,
          "column": 158
        }
      },
      "4": {
        "start": {
          "line": 17,
          "column": 0
        },
        "end": {
          "line": 17,
          "column": 178
        }
      },
      "5": {
        "start": {
          "line": 17,
          "column": 15
        },
        "end": {
          "line": 17,
          "column": 172
        }
      },
      "6": {
        "start": {
          "line": 18,
          "column": 14
        },
        "end": {
          "line": 24,
          "column": 26
        }
      },
      "7": {
        "start": {
          "line": 18,
          "column": 29
        },
        "end": {
          "line": 24,
          "column": 20
        }
      }
    },
    "fnMap": {
      "0": {
        "name": "CallbackPageRoutingModule_Factory",
        "decl": {
          "start": {
            "line": 15,
            "column": 73
          },
          "end": {
            "line": 15,
            "column": 106
          }
        },
        "loc": {
          "start": {
            "line": 15,
            "column": 110
          },
          "end": {
            "line": 15,
            "column": 160
          }
        },
        "line": 15
      },
      "1": {
        "name": "(anonymous_1)",
        "decl": {
          "start": {
            "line": 17,
            "column": 1
          },
          "end": {
            "line": 17,
            "column": 2
          }
        },
        "loc": {
          "start": {
            "line": 17,
            "column": 13
          },
          "end": {
            "line": 17,
            "column": 174
          }
        },
        "line": 17
      },
      "2": {
        "name": "(anonymous_2)",
        "decl": {
          "start": {
            "line": 18,
            "column": 15
          },
          "end": {
            "line": 18,
            "column": 16
          }
        },
        "loc": {
          "start": {
            "line": 18,
            "column": 27
          },
          "end": {
            "line": 24,
            "column": 22
          }
        },
        "line": 18
      }
    },
    "branchMap": {
      "0": {
        "loc": {
          "start": {
            "line": 15,
            "column": 124
          },
          "end": {
            "line": 15,
            "column": 154
          }
        },
        "type": "binary-expr",
        "locations": [
          {
            "start": {
              "line": 15,
              "column": 124
            },
            "end": {
              "line": 15,
              "column": 125
            }
          },
          {
            "start": {
              "line": 15,
              "column": 129
            },
            "end": {
              "line": 15,
              "column": 154
            }
          }
        ],
        "line": 15
      },
      "1": {
        "loc": {
          "start": {
            "line": 17,
            "column": 15
          },
          "end": {
            "line": 17,
            "column": 171
          }
        },
        "type": "binary-expr",
        "locations": [
          {
            "start": {
              "line": 17,
              "column": 16
            },
            "end": {
              "line": 17,
              "column": 48
            }
          },
          {
            "start": {
              "line": 17,
              "column": 52
            },
            "end": {
              "line": 17,
              "column": 61
            }
          },
          {
            "start": {
              "line": 17,
              "column": 66
            },
            "end": {
              "line": 17,
              "column": 171
            }
          }
        ],
        "line": 17
      }
    },
    "s": {
      "0": 3,
      "1": 3,
      "2": 3,
      "3": 3,
      "4": 3,
      "5": 3,
      "6": 3,
      "7": 3
    },
    "f": {
      "0": 3,
      "1": 3,
      "2": 3
    },
    "b": {
      "0": [
        3,
        3
      ],
      "1": [
        3,
        0,
        3
      ]
    },
    "inputSourceMap": {
      "version": 3,
      "file": "callback-routing.module.js",
      "sourceRoot": "",
      "sources": [
        "C:\\Users\\thibl\\dev\\SpotiFine\\front\\spotifine\\src\\app\\pages\\callback\\callback-routing.module.ts"
      ],
      "names": [],
      "mappings": "AAAA,OAAO,EAAE,QAAQ,EAAE,MAAM,eAAe,CAAC;AACzC,OAAO,EAAU,YAAY,EAAE,MAAM,iBAAiB,CAAC;AAEvD,OAAO,EAAE,YAAY,EAAE,MAAM,iBAAiB,CAAC;;;AAE/C,MAAM,MAAM,GAAW;IACrB;QACE,IAAI,EAAE,EAAE;QACR,SAAS,EAAE,YAAY;KACxB;CACF,CAAC;AAMF,MAAM,OAAO,yBAAyB;;6DAAzB,yBAAyB;iIAAzB,yBAAyB,kBAH3B,CAAC,YAAY,CAAC,QAAQ,CAAC,MAAM,CAAC,CAAC;QAC9B,YAAY;wFAEX,yBAAyB,0CAF1B,YAAY;kDAEX,yBAAyB;cAJrC,QAAQ;eAAC;gBACR,OAAO,EAAE,CAAC,YAAY,CAAC,QAAQ,CAAC,MAAM,CAAC,CAAC;gBACxC,OAAO,EAAE,CAAC,YAAY,CAAC;aACxB",
      "sourcesContent": [
        "import { NgModule } from '@angular/core';\r\nimport { Routes, RouterModule } from '@angular/router';\r\n\r\nimport { CallbackPage } from './callback.page';\r\n\r\nconst routes: Routes = [\r\n  {\r\n    path: '',\r\n    component: CallbackPage\r\n  }\r\n];\r\n\r\n@NgModule({\r\n  imports: [RouterModule.forChild(routes)],\r\n  exports: [RouterModule],\r\n})\r\nexport class CallbackPageRoutingModule {}\r\n"
      ]
    },
    "_coverageSchema": "332fd63041d2c1bcb487cc26dd0d5f7d97098a6c",
    "hash": "ea6d788fcbd936db2e2ab63787dc85e426c2d42e"
  },
  "C:\\Users\\thibl\\dev\\SpotiFine\\front\\spotifine\\src\\app\\pages\\callback\\callback.module.ts": {
    "path": "C:\\Users\\thibl\\dev\\SpotiFine\\front\\spotifine\\src\\app\\pages\\callback\\callback.module.ts",
    "statementMap": {
      "0": {
        "start": {
          "line": 10,
          "column": 0
        },
        "end": {
          "line": 10,
          "column": 76
        }
      },
      "1": {
        "start": {
          "line": 11,
          "column": 0
        },
        "end": {
          "line": 16,
          "column": 14
        }
      },
      "2": {
        "start": {
          "line": 11,
          "column": 98
        },
        "end": {
          "line": 11,
          "column": 137
        }
      },
      "3": {
        "start": {
          "line": 17,
          "column": 0
        },
        "end": {
          "line": 20,
          "column": 44
        }
      },
      "4": {
        "start": {
          "line": 17,
          "column": 15
        },
        "end": {
          "line": 20,
          "column": 38
        }
      },
      "5": {
        "start": {
          "line": 21,
          "column": 14
        },
        "end": {
          "line": 32,
          "column": 26
        }
      },
      "6": {
        "start": {
          "line": 21,
          "column": 29
        },
        "end": {
          "line": 32,
          "column": 20
        }
      }
    },
    "fnMap": {
      "0": {
        "name": "CallbackPageModule_Factory",
        "decl": {
          "start": {
            "line": 11,
            "column": 66
          },
          "end": {
            "line": 11,
            "column": 92
          }
        },
        "loc": {
          "start": {
            "line": 11,
            "column": 96
          },
          "end": {
            "line": 11,
            "column": 139
          }
        },
        "line": 11
      },
      "1": {
        "name": "(anonymous_1)",
        "decl": {
          "start": {
            "line": 17,
            "column": 1
          },
          "end": {
            "line": 17,
            "column": 2
          }
        },
        "loc": {
          "start": {
            "line": 17,
            "column": 13
          },
          "end": {
            "line": 20,
            "column": 40
          }
        },
        "line": 17
      },
      "2": {
        "name": "(anonymous_2)",
        "decl": {
          "start": {
            "line": 21,
            "column": 15
          },
          "end": {
            "line": 21,
            "column": 16
          }
        },
        "loc": {
          "start": {
            "line": 21,
            "column": 27
          },
          "end": {
            "line": 32,
            "column": 22
          }
        },
        "line": 21
      }
    },
    "branchMap": {
      "0": {
        "loc": {
          "start": {
            "line": 11,
            "column": 110
          },
          "end": {
            "line": 11,
            "column": 133
          }
        },
        "type": "binary-expr",
        "locations": [
          {
            "start": {
              "line": 11,
              "column": 110
            },
            "end": {
              "line": 11,
              "column": 111
            }
          },
          {
            "start": {
              "line": 11,
              "column": 115
            },
            "end": {
              "line": 11,
              "column": 133
            }
          }
        ],
        "line": 11
      },
      "1": {
        "loc": {
          "start": {
            "line": 17,
            "column": 15
          },
          "end": {
            "line": 20,
            "column": 37
          }
        },
        "type": "binary-expr",
        "locations": [
          {
            "start": {
              "line": 17,
              "column": 16
            },
            "end": {
              "line": 17,
              "column": 48
            }
          },
          {
            "start": {
              "line": 17,
              "column": 52
            },
            "end": {
              "line": 17,
              "column": 61
            }
          },
          {
            "start": {
              "line": 17,
              "column": 66
            },
            "end": {
              "line": 20,
              "column": 37
            }
          }
        ],
        "line": 17
      }
    },
    "s": {
      "0": 3,
      "1": 3,
      "2": 3,
      "3": 3,
      "4": 3,
      "5": 3,
      "6": 3
    },
    "f": {
      "0": 3,
      "1": 3,
      "2": 3
    },
    "b": {
      "0": [
        3,
        3
      ],
      "1": [
        3,
        0,
        3
      ]
    },
    "inputSourceMap": {
      "version": 3,
      "file": "callback.module.js",
      "sourceRoot": "",
      "sources": [
        "C:\\Users\\thibl\\dev\\SpotiFine\\front\\spotifine\\src\\app\\pages\\callback\\callback.module.ts"
      ],
      "names": [],
      "mappings": "AAAA,OAAO,EAAE,QAAQ,EAAE,MAAM,eAAe,CAAC;AACzC,OAAO,EAAE,YAAY,EAAE,MAAM,iBAAiB,CAAC;AAC/C,OAAO,EAAE,WAAW,EAAE,MAAM,gBAAgB,CAAC;AAE7C,OAAO,EAAE,WAAW,EAAE,MAAM,gBAAgB,CAAC;AAE7C,OAAO,EAAE,yBAAyB,EAAE,MAAM,2BAA2B,CAAC;AAEtE,OAAO,EAAE,YAAY,EAAE,MAAM,iBAAiB,CAAC;;AAW/C,MAAM,OAAO,kBAAkB;;sDAAlB,kBAAkB;mHAAlB,kBAAkB,kBARpB;YACP,YAAY;YACZ,WAAW;YACX,WAAW;YACX,yBAAyB;SAC1B;wFAGU,kBAAkB,mBAFd,YAAY,aALzB,YAAY;QACZ,WAAW;QACX,WAAW;QACX,yBAAyB;kDAIhB,kBAAkB;cAT9B,QAAQ;eAAC;gBACR,OAAO,EAAE;oBACP,YAAY;oBACZ,WAAW;oBACX,WAAW;oBACX,yBAAyB;iBAC1B;gBACD,YAAY,EAAE,CAAC,YAAY,CAAC;aAC7B",
      "sourcesContent": [
        "import { NgModule } from '@angular/core';\r\nimport { CommonModule } from '@angular/common';\r\nimport { FormsModule } from '@angular/forms';\r\n\r\nimport { IonicModule } from '@ionic/angular';\r\n\r\nimport { CallbackPageRoutingModule } from './callback-routing.module';\r\n\r\nimport { CallbackPage } from './callback.page';\r\n\r\n@NgModule({\r\n  imports: [\r\n    CommonModule,\r\n    FormsModule,\r\n    IonicModule,\r\n    CallbackPageRoutingModule\r\n  ],\r\n  declarations: [CallbackPage]\r\n})\r\nexport class CallbackPageModule {}\r\n"
      ]
    },
    "_coverageSchema": "332fd63041d2c1bcb487cc26dd0d5f7d97098a6c",
    "hash": "b7ca293c4fc3a8a31024432f07c196c309a019c5"
  }
}